\BOOKMARK [1][-]{section.1}{1 Einleitung}{}% 1
\BOOKMARK [1][-]{section.2}{2 Analyse und Konzept}{}% 2
\BOOKMARK [1][-]{section.3}{3 Produktbeschreibung}{}% 3
\BOOKMARK [1][-]{section.4}{4 Ziele}{}% 4
\BOOKMARK [2][-]{subsection.4.1}{4.1 Harte Ziele}{section.4}% 5
\BOOKMARK [2][-]{subsection.4.2}{4.2 Weiche Ziele}{section.4}% 6
\BOOKMARK [2][-]{subsection.4.3}{4.3 Nicht Ziele}{section.4}% 7
\BOOKMARK [1][-]{section.5}{5 L\366sungskonzept}{}% 8
\BOOKMARK [1][-]{section.6}{6 Anforderungen an Microcontroller}{}% 9
\BOOKMARK [1][-]{section.7}{7 Konzept USB Akkuladeregler IC}{}% 10
\BOOKMARK [1][-]{section.8}{8 Kaskadierung mehrerer Boards}{}% 11
\BOOKMARK [1][-]{section.9}{9 Hardware}{}% 12
\BOOKMARK [2][-]{subsection.9.1}{9.1 Blockschaltbild}{section.9}% 13
\BOOKMARK [2][-]{subsection.9.2}{9.2 Pegeldiagram}{section.9}% 14
\BOOKMARK [2][-]{subsection.9.3}{9.3 Schema}{section.9}% 15
\BOOKMARK [3][-]{subsubsection.9.3.1}{9.3.1 Schema Speisung}{subsection.9.3}% 16
\BOOKMARK [3][-]{subsubsection.9.3.2}{9.3.2 Schema DSP}{subsection.9.3}% 17
\BOOKMARK [3][-]{subsubsection.9.3.3}{9.3.3 Schema Codec}{subsection.9.3}% 18
\BOOKMARK [2][-]{subsection.9.4}{9.4 PCB}{section.9}% 19
\BOOKMARK [2][-]{subsection.9.5}{9.5 Kosten}{section.9}% 20
